2025-08-09 19:45:26,447 - FacebookKnowledgeWorker - INFO - ✅ Database initialized successfully
2025-08-09 19:45:26,447 - FacebookKnowledgeWorker - INFO - 🚀 Facebook Knowledge Worker Agent initialized
2025-08-09 19:45:26,449 - FacebookKnowledgeWorker - INFO - ✅ Generated promotional content: 24c075ba-71be-4649-9059-88e993405251
2025-08-09 19:45:26,450 - FacebookKnowledgeWorker - INFO - ✅ Performance analysis completed
2025-08-09 19:49:19,044 - FacebookKnowledgeWorker - INFO - ✅ Database initialized successfully
2025-08-09 19:49:19,044 - FacebookKnowledgeWorker - INFO - 🚀 Facebook Knowledge Worker Agent initialized
2025-08-09 19:49:19,046 - FacebookKnowledgeWorker - INFO - ✅ Generated promotional content: 7dfe9fe1-030f-43ae-809e-0bf1a73b7b5b
2025-08-09 19:50:31,026 - FacebookIntegration - INFO - 🚀 Facebook Knowledge Worker Integration Starting...
2025-08-09 19:50:31,027 - FacebookKnowledgeWorker - INFO - ✅ Database initialized successfully
2025-08-09 19:50:31,027 - FacebookKnowledgeWorker - INFO - 🚀 Facebook Knowledge Worker Agent initialized
2025-08-09 19:50:31,027 - FacebookIntegration - INFO - 🔗 Facebook Knowledge Worker Integration initialized
2025-08-09 19:50:31,027 - FacebookIntegration - INFO - 🚀 Starting integrated Facebook automation cycle...
2025-08-09 19:50:31,027 - FacebookIntegration - INFO - 📘 Running Facebook Knowledge Worker operations...
2025-08-09 19:50:31,029 - FacebookKnowledgeWorker - INFO - ✅ Generated promotional content: b230a3d7-98b2-4d74-94b2-8b2312312f39
2025-08-09 19:50:31,029 - FacebookIntegration - INFO - ✨ Generated content: b230a3d7
2025-08-09 19:50:31,030 - FacebookKnowledgeWorker - INFO - ✅ Performance analysis completed
2025-08-09 19:50:31,030 - FacebookIntegration - INFO - 📊 Analytics completed: 5f851b83
2025-08-09 19:50:31,032 - FacebookKnowledgeWorker - INFO - ✅ Performance analysis completed
2025-08-09 19:50:31,032 - FacebookKnowledgeWorker - INFO - ✅ Workflow optimization completed
2025-08-09 19:50:31,032 - FacebookIntegration - INFO - ⚡ Workflow optimized: 4 recommendations
2025-08-09 19:50:31,033 - FacebookIntegration - INFO - 📋 Comprehensive status report updated
2025-08-09 19:50:31,033 - FacebookIntegration - INFO - ✅ Integrated cycle completed in 0.0s
2025-08-09 19:50:31,033 - FacebookIntegration - INFO - 📊 Integration Results:
2025-08-09 19:50:31,033 - FacebookIntegration - INFO -    Success: True
2025-08-09 19:50:31,033 - FacebookIntegration - INFO -    Duration: 0.0s
2025-08-09 19:50:31,033 - FacebookIntegration - INFO -    FB Agent: True
2025-08-09 19:50:31,033 - FacebookIntegration - INFO -    Health Score: {'facebook_agent': 'operational', 'meta_integration': 'connected', 'database_status': 'healthy', 'api_connectivity': 'ready'}
2025-08-09 19:51:36,502 - FacebookKnowledgeWorker - INFO - ✅ Database initialized successfully
2025-08-09 19:51:36,502 - FacebookKnowledgeWorker - INFO - 🚀 Facebook Knowledge Worker Agent initialized
2025-08-09 19:51:36,503 - FacebookIntegration - INFO - 🔗 Facebook Knowledge Worker Integration initialized
2025-08-09 19:51:36,503 - FacebookIntegration - INFO - 🚀 Starting integrated Facebook automation cycle...
2025-08-09 19:51:36,503 - FacebookIntegration - INFO - 📘 Running Facebook Knowledge Worker operations...
2025-08-09 19:51:36,505 - FacebookKnowledgeWorker - INFO - ✅ Generated promotional content: 89c70181-4cba-4d94-9075-57c328a3b765
2025-08-09 19:51:36,505 - FacebookIntegration - INFO - ✨ Generated content: 89c70181
2025-08-09 19:51:36,506 - FacebookKnowledgeWorker - INFO - ✅ Performance analysis completed
2025-08-09 19:51:36,506 - FacebookIntegration - INFO - 📊 Analytics completed: 8feab8cf
2025-08-09 19:51:36,507 - FacebookKnowledgeWorker - INFO - ✅ Performance analysis completed
2025-08-09 19:51:36,508 - FacebookKnowledgeWorker - INFO - ✅ Workflow optimization completed
2025-08-09 19:51:36,508 - FacebookIntegration - INFO - ⚡ Workflow optimized: 4 recommendations
2025-08-09 19:51:36,508 - FacebookIntegration - INFO - 📋 Comprehensive status report updated
2025-08-09 19:51:36,508 - FacebookIntegration - INFO - ✅ Integrated cycle completed in 0.0s
2025-08-09 19:51:36,510 - FacebookKnowledgeWorker - INFO - ✅ Generated educational content: 339b9c93-c3df-460c-984d-239e4ea9b02a
2025-08-09 19:51:36,511 - FacebookKnowledgeWorker - INFO - ✅ Performance analysis completed
